<?xml version="1.0" encoding="UTF-8"?>
<!-- Generated by org.testng.reporters.JUnitXMLReporter -->
<testsuite ignored="0" hostname="Pavan" failures="0" tests="4" name="Test" time="43.132" errors="0" timestamp="2023-12-23T19:57:25 IST">
  <testcase classname="com.guru99.demo.testcases.LoginSection" name="login" time="1.826"/>
  <testcase classname="com.guru99.demo.testcases.LoginSection" name="login" time="0.808"/>
  <testcase classname="com.guru99.demo.testcases.LoginSection" name="login" time="0.816"/>
  <testcase classname="com.guru99.demo.testcases.LoginSection" name="login" time="0.92"/>
</testsuite> <!-- Test -->
